<?xml version="1.0" encoding="UTF-8"?>
<testsuite name="kr.co.prekore.springboot.web.dto.HelloResponseDtoTest" tests="1" skipped="0" failures="0" errors="0" timestamp="2020-05-21T06:37:11" hostname="Jihoui-MacBookPro.local" time="0.055">
  <properties/>
  <testcase name="롬복_기능_테스트" classname="kr.co.prekore.springboot.web.dto.HelloResponseDtoTest" time="0.055"/>
  <system-out><![CDATA[]]></system-out>
  <system-err><![CDATA[]]></system-err>
</testsuite>
