<?xml version="1.0" encoding="UTF-8"?>
<testsuite name="kr.co.prekore.springboot.web.PostsApiControllerTest" tests="2" skipped="0" failures="0" errors="0" timestamp="2020-05-21T06:37:23" hostname="Jihoui-MacBookPro.local" time="0.228">
  <properties/>
  <testcase name="Posts_등록된다" classname="kr.co.prekore.springboot.web.PostsApiControllerTest" time="0.145"/>
  <testcase name="Posts_수정된다" classname="kr.co.prekore.springboot.web.PostsApiControllerTest" time="0.081"/>
  <system-out><![CDATA[2020-05-21 15:37:23.549  INFO 8111 --- [    Test worker] .b.t.c.SpringBootTestContextBootstrapper : Neither @ContextConfiguration nor @ContextHierarchy found for test class [kr.co.prekore.springboot.web.PostsApiControllerTest], using SpringBootContextLoader
2020-05-21 15:37:23.551  INFO 8111 --- [    Test worker] o.s.t.c.support.AbstractContextLoader    : Could not detect default resource locations for test class [kr.co.prekore.springboot.web.PostsApiControllerTest]: no resource found for suffixes {-context.xml, Context.groovy}.
2020-05-21 15:37:23.551  INFO 8111 --- [    Test worker] t.c.s.AnnotationConfigContextLoaderUtils : Could not detect default configuration classes for test class [kr.co.prekore.springboot.web.PostsApiControllerTest]: PostsApiControllerTest does not declare any static, non-private, non-final, nested classes annotated with @Configuration.
2020-05-21 15:37:23.553  INFO 8111 --- [    Test worker] .b.t.c.SpringBootTestContextBootstrapper : Found @SpringBootConfiguration kr.co.prekore.springboot.Application for test class kr.co.prekore.springboot.web.PostsApiControllerTest
2020-05-21 15:37:23.555  INFO 8111 --- [    Test worker] .b.t.c.SpringBootTestContextBootstrapper : Loaded default TestExecutionListener class names from location [META-INF/spring.factories]: [org.springframework.security.test.context.support.WithSecurityContextTestExecutionListener, org.springframework.security.test.context.support.ReactorContextTestExecutionListener, org.springframework.boot.test.autoconfigure.restdocs.RestDocsTestExecutionListener, org.springframework.boot.test.autoconfigure.web.client.MockRestServiceServerResetTestExecutionListener, org.springframework.boot.test.autoconfigure.web.servlet.MockMvcPrintOnlyOnFailureTestExecutionListener, org.springframework.boot.test.autoconfigure.web.servlet.WebDriverTestExecutionListener, org.springframework.boot.test.mock.mockito.MockitoTestExecutionListener, org.springframework.boot.test.mock.mockito.ResetMocksTestExecutionListener, org.springframework.test.context.web.ServletTestExecutionListener, org.springframework.test.context.support.DirtiesContextBeforeModesTestExecutionListener, org.springframework.test.context.support.DependencyInjectionTestExecutionListener, org.springframework.test.context.support.DirtiesContextTestExecutionListener, org.springframework.test.context.transaction.TransactionalTestExecutionListener, org.springframework.test.context.jdbc.SqlScriptsTestExecutionListener]
2020-05-21 15:37:23.556  INFO 8111 --- [    Test worker] .b.t.c.SpringBootTestContextBootstrapper : Using TestExecutionListeners: [org.springframework.test.context.web.ServletTestExecutionListener@3c0748ec, org.springframework.test.context.support.DirtiesContextBeforeModesTestExecutionListener@78a6c554, org.springframework.boot.test.mock.mockito.MockitoTestExecutionListener@9cb9039, org.springframework.boot.test.autoconfigure.SpringBootDependencyInjectionTestExecutionListener@5fb6fbd7, org.springframework.test.context.support.DirtiesContextTestExecutionListener@597098e5, org.springframework.test.context.transaction.TransactionalTestExecutionListener@17326afa, org.springframework.test.context.jdbc.SqlScriptsTestExecutionListener@422d7a7d, org.springframework.security.test.context.support.WithSecurityContextTestExecutionListener@2aad59ac, org.springframework.security.test.context.support.ReactorContextTestExecutionListener@77474bac, org.springframework.boot.test.autoconfigure.restdocs.RestDocsTestExecutionListener@73a68a04, org.springframework.boot.test.autoconfigure.web.client.MockRestServiceServerResetTestExecutionListener@5a71e89f, org.springframework.boot.test.autoconfigure.web.servlet.MockMvcPrintOnlyOnFailureTestExecutionListener@1ad1ba44, org.springframework.boot.test.autoconfigure.web.servlet.WebDriverTestExecutionListener@57069899, org.springframework.boot.test.mock.mockito.ResetMocksTestExecutionListener@10b7ced7]
2020-05-21 15:37:23.578  INFO 8111 --- [    Test worker] o.a.c.c.C.[Tomcat].[localhost].[/]       : Initializing Spring TestDispatcherServlet ''
2020-05-21 15:37:23.579  INFO 8111 --- [    Test worker] o.s.t.web.servlet.TestDispatcherServlet  : Initializing Servlet ''
2020-05-21 15:37:23.584  INFO 8111 --- [    Test worker] o.s.t.web.servlet.TestDispatcherServlet  : Completed initialization in 5 ms
Hibernate: insert into posts (created_date, modified_date, author, content, title) values (?, ?, ?, ?, ?)
Hibernate: select posts0_.id as id1_0_, posts0_.created_date as created_2_0_, posts0_.modified_date as modified3_0_, posts0_.author as author4_0_, posts0_.content as content5_0_, posts0_.title as title6_0_ from posts posts0_
Hibernate: select posts0_.id as id1_0_, posts0_.created_date as created_2_0_, posts0_.modified_date as modified3_0_, posts0_.author as author4_0_, posts0_.content as content5_0_, posts0_.title as title6_0_ from posts posts0_
Hibernate: delete from posts where id=?
2020-05-21 15:37:23.725  INFO 8111 --- [    Test worker] o.a.c.c.C.[Tomcat].[localhost].[/]       : Initializing Spring TestDispatcherServlet ''
2020-05-21 15:37:23.726  INFO 8111 --- [    Test worker] o.s.t.web.servlet.TestDispatcherServlet  : Initializing Servlet ''
2020-05-21 15:37:23.733  INFO 8111 --- [    Test worker] o.s.t.web.servlet.TestDispatcherServlet  : Completed initialization in 6 ms
Hibernate: insert into posts (created_date, modified_date, author, content, title) values (?, ?, ?, ?, ?)
Hibernate: select posts0_.id as id1_0_0_, posts0_.created_date as created_2_0_0_, posts0_.modified_date as modified3_0_0_, posts0_.author as author4_0_0_, posts0_.content as content5_0_0_, posts0_.title as title6_0_0_ from posts posts0_ where posts0_.id=?
Hibernate: update posts set created_date=?, modified_date=?, author=?, content=?, title=? where id=?
Hibernate: select posts0_.id as id1_0_, posts0_.created_date as created_2_0_, posts0_.modified_date as modified3_0_, posts0_.author as author4_0_, posts0_.content as content5_0_, posts0_.title as title6_0_ from posts posts0_
Hibernate: select posts0_.id as id1_0_, posts0_.created_date as created_2_0_, posts0_.modified_date as modified3_0_, posts0_.author as author4_0_, posts0_.content as content5_0_, posts0_.title as title6_0_ from posts posts0_
Hibernate: delete from posts where id=?
]]></system-out>
  <system-err><![CDATA[]]></system-err>
</testsuite>
